#
# There is insufficient memory for the Java Runtime Environment to continue.
# Native memory allocation (malloc) failed to allocate 183888 bytes. Error detail: Chunk::new
# Possible reasons:
#   The system is out of physical RAM or swap space
#   This process is running with CompressedOops enabled, and the Java Heap may be blocking the growth of the native heap
# Possible solutions:
#   Reduce memory load on the system
#   Increase physical memory or swap space
#   Check if swap backing store is full
#   Decrease Java heap size (-Xmx/-Xms)
#   Decrease number of Java threads
#   Decrease Java thread stack sizes (-Xss)
#   Set larger code cache with -XX:ReservedCodeCacheSize=
#   JVM is running with Unscaled Compressed Oops mode in which the Java heap is
#     placed in the first 4GB address space. The Java Heap base address is the
#     maximum limit for the native heap growth. Please use -XX:HeapBaseMinAddress
#     to set the Java Heap base and to place the Java Heap above 4GB virtual address.
# This output file may be truncated or incomplete.
#
#  Out of Memory Error (arena.cpp:162), pid=64768, tid=73956
#
# JRE version: OpenJDK Runtime Environment (24.0.1+9) (build 24.0.1+9-30)
# Java VM: OpenJDK 64-Bit Server VM (24.0.1+9-30, mixed mode, sharing, tiered, compressed oops, compressed class ptrs, g1 gc, windows-amd64)
# No core dump will be written. Minidumps are not enabled by default on client versions of Windows
#

---------------  S U M M A R Y ------------

Command Line: -javaagent:C:\Users\kauar\Downloads\Nova pasta\Progamação\ideaIC-2024.3.4.1.win\lib\idea_rt.jar=64781 -Dfile.encoding=UTF-8 -Dsun.stdout.encoding=UTF-8 -Dsun.stderr.encoding=UTF-8 com.example.crud_spring.CrudSpringApplication

Host: Intel(R) Core(TM) i3-7020U CPU @ 2.30GHz, 4 cores, 3G,  Windows 10 , 64 bit Build 19041 (10.0.19041.5915)
Time: Sun Dec 28 22:01:48 2025 Hora Padrão de Buenos Aires elapsed time: 0.790977 seconds (0d 0h 0m 0s)

---------------  T H R E A D  ---------------

Current thread (0x000002cc9ccdf750):  JavaThread "C2 CompilerThread0" daemon [_thread_in_native, id=73956, stack(0x000000e80fe00000,0x000000e80ff00000) (1024K)]


Current CompileTask:
C2:791  176       4       java.lang.String::equals (56 bytes)

Stack: [0x000000e80fe00000,0x000000e80ff00000]
Native frames: (J=compiled Java code, j=interpreted, Vv=VM code, C=native code)
V  [jvm.dll+0x730739]  (no source info available)
V  [jvm.dll+0x8d9b23]  (no source info available)
V  [jvm.dll+0x8dc00d]  (no source info available)
V  [jvm.dll+0x8dc683]  (no source info available)
V  [jvm.dll+0x2aa086]  (no source info available)
V  [jvm.dll+0xcedef]  (no source info available)
V  [jvm.dll+0xcf04f]  (no source info available)
V  [jvm.dll+0x154d83]  (no source info available)
V  [jvm.dll+0x735f5f]  (no source info available)
V  [jvm.dll+0x26fa1c]  (no source info available)
V  [jvm.dll+0x26ea3f]  (no source info available)
V  [jvm.dll+0x1e9d60]  (no source info available)
V  [jvm.dll+0x27e1fb]  (no source info available)
V  [jvm.dll+0x27c49a]  (no source info available)
V  [jvm.dll+0x42f456]  (no source info available)
V  [jvm.dll+0x87d76b]  (no source info available)
V  [jvm.dll+0x72ee55]  (no source info available)
C  [ucrtbase.dll+0x21bb2]  (no source info available)
C  [KERNEL32.DLL+0x17374]  (no source info available)
C  [ntdll.dll+0x4cc91]  (no source info available)

Lock stack of current Java thread (top to bottom):


---------------  P R O C E S S  ---------------

Threads class SMR info:
_java_thread_list=0x000002cc9cccd7d0, length=9, elements={
0x000002ccfff1c670, 0x000002cc9ccc9750, 0x000002cc9ccca740, 0x000002cc9cccf890,
0x000002cc9ccd23d0, 0x000002cc9ccde1b0, 0x000002cc9ccde8f0, 0x000002cc9ccdf750,
0x000002cc9cce4310
}

Java Threads: ( => current thread )
  0x000002ccfff1c670 JavaThread "main"                              [_thread_in_vm, id=71896, stack(0x000000e80f000000,0x000000e80f100000) (1024K)]
  0x000002cc9ccc9750 JavaThread "Reference Handler"          daemon [_thread_blocked, id=70012, stack(0x000000e80f800000,0x000000e80f900000) (1024K)]
  0x000002cc9ccca740 JavaThread "Finalizer"                  daemon [_thread_blocked, id=74036, stack(0x000000e80f900000,0x000000e80fa00000) (1024K)]
  0x000002cc9cccf890 JavaThread "Signal Dispatcher"          daemon [_thread_blocked, id=75404, stack(0x000000e80fa00000,0x000000e80fb00000) (1024K)]
  0x000002cc9ccd23d0 JavaThread "Attach Listener"            daemon [_thread_blocked, id=47560, stack(0x000000e80fb00000,0x000000e80fc00000) (1024K)]
  0x000002cc9ccde1b0 JavaThread "Service Thread"             daemon [_thread_blocked, id=63720, stack(0x000000e80fc00000,0x000000e80fd00000) (1024K)]
  0x000002cc9ccde8f0 JavaThread "Monitor Deflation Thread"   daemon [_thread_blocked, id=65264, stack(0x000000e80fd00000,0x000000e80fe00000) (1024K)]
=>0x000002cc9ccdf750 JavaThread "C2 CompilerThread0"         daemon [_thread_in_native, id=73956, stack(0x000000e80fe00000,0x000000e80ff00000) (1024K)]
  0x000002cc9cce4310 JavaThread "C1 CompilerThread0"         daemon [_thread_blocked, id=71280, stack(0x000000e80ff00000,0x000000e810000000) (1024K)]
Total: 9

Other Threads:
  0x000002ccfffd7550 VMThread "VM Thread"                           [id=64652, stack(0x000000e80f700000,0x000000e80f800000) (1024K)]
  0x000002cc9ccbdb60 WatcherThread "VM Periodic Task Thread"        [id=74948, stack(0x000000e80f600000,0x000000e80f700000) (1024K)]
  0x000002ccfff557c0 WorkerThread "GC Thread#0"                     [id=69736, stack(0x000000e80f100000,0x000000e80f200000) (1024K)]
  0x000002ccfff60530 ConcurrentGCThread "G1 Main Marker"            [id=75476, stack(0x000000e80f200000,0x000000e80f300000) (1024K)]
  0x000002ccfff617e0 WorkerThread "G1 Conc#0"                       [id=72464, stack(0x000000e80f300000,0x000000e80f400000) (1024K)]
  0x000002ccfffbff00 ConcurrentGCThread "G1 Refine#0"               [id=60168, stack(0x000000e80f400000,0x000000e80f500000) (1024K)]
  0x000002ccfffc0a80 ConcurrentGCThread "G1 Service"                [id=62696, stack(0x000000e80f500000,0x000000e80f600000) (1024K)]
Total: 7

Threads with active compile tasks:
C2 CompilerThread0  1116  176       4       java.lang.String::equals (56 bytes)
Total: 1

VM state: not at safepoint (normal execution)

VM Mutex/Monitor currently owned by a thread: None

Heap address: 0x00000000c1c00000, size: 996 MB, Compressed Oops mode: 32-bit

CDS archive(s) mapped at: [0x000002cc9d000000-0x000002cc9dd40000-0x000002cc9dd40000), size 13893632, SharedBaseAddress: 0x000002cc9d000000, ArchiveRelocationMode: 1.
Compressed class space mapped at: 0x000002cc9e000000-0x000002ccde000000, reserved size: 1073741824
UseCompressedClassPointers 1, UseCompactObjectHeaders 0
Narrow klass pointer bits 32, Max shift 3
Narrow klass base: 0x000002cc9d000000, Narrow klass shift: 0
Encoding Range: [0x000002cc9d000000 - 0x000002cd9d000000), (4294967296 bytes)
Klass Range:    [0x000002cc9d000000 - 0x000002ccde000000), (1090519040 bytes)
Klass ID Range:  [8 - 1090519033) (1090519025)

GC Precious Log:
 CardTable entry size: 512
 Card Set container configuration: InlinePtr #cards 5 size 8 Array Of Cards #cards 10 size 36 Howl #buckets 4 coarsen threshold 1843 Howl Bitmap #cards 512 size 80 coarsen threshold 460 Card regions per heap region 1 cards per card region 2048
 CPUs: 4 total, 4 available
 Memory: 3979M
 Large Page Support: Disabled
 NUMA Support: Disabled
 Compressed Oops: Enabled (32-bit)
 Heap Region Size: 1M
 Heap Min Capacity: 8M
 Heap Initial Capacity: 64M
 Heap Max Capacity: 996M
 Pre-touch: Disabled
 Parallel Workers: 4
 Concurrent Workers: 1
 Concurrent Refinement Workers: 4
 Periodic GC: Disabled

Heap:
 garbage-first heap   total reserved 1019904K, committed 67584K, used 3184K [0x00000000c1c00000, 0x0000000100000000)
  region size 1024K, 3 young (3072K), 0 survivors (0K)
 Metaspace       used 257K, committed 448K, reserved 1114112K
  class space    used 8K, committed 128K, reserved 1048576K

Heap Regions: E=young(eden), S=young(survivor), O=old, HS=humongous(starts), HC=humongous(continues), CS=collection set, F=free, TAMS=top-at-mark-start, PB=parsable bottom
|   0|0x00000000c1c00000, 0x00000000c1c00000, 0x00000000c1d00000|  0%| F|  |TAMS 0x00000000c1c00000| PB 0x00000000c1c00000| Untracked |  0
|   1|0x00000000c1d00000, 0x00000000c1d00000, 0x00000000c1e00000|  0%| F|  |TAMS 0x00000000c1d00000| PB 0x00000000c1d00000| Untracked |  0
|   2|0x00000000c1e00000, 0x00000000c1e00000, 0x00000000c1f00000|  0%| F|  |TAMS 0x00000000c1e00000| PB 0x00000000c1e00000| Untracked |  0
|   3|0x00000000c1f00000, 0x00000000c1f00000, 0x00000000c2000000|  0%| F|  |TAMS 0x00000000c1f00000| PB 0x00000000c1f00000| Untracked |  0
|   4|0x00000000c2000000, 0x00000000c2000000, 0x00000000c2100000|  0%| F|  |TAMS 0x00000000c2000000| PB 0x00000000c2000000| Untracked |  0
|   5|0x00000000c2100000, 0x00000000c2100000, 0x00000000c2200000|  0%| F|  |TAMS 0x00000000c2100000| PB 0x00000000c2100000| Untracked |  0
|   6|0x00000000c2200000, 0x00000000c2200000, 0x00000000c2300000|  0%| F|  |TAMS 0x00000000c2200000| PB 0x00000000c2200000| Untracked |  0
|   7|0x00000000c2300000, 0x00000000c2300000, 0x00000000c2400000|  0%| F|  |TAMS 0x00000000c2300000| PB 0x00000000c2300000| Untracked |  0
|   8|0x00000000c2400000, 0x00000000c2400000, 0x00000000c2500000|  0%| F|  |TAMS 0x00000000c2400000| PB 0x00000000c2400000| Untracked |  0
|   9|0x00000000c2500000, 0x00000000c2500000, 0x00000000c2600000|  0%| F|  |TAMS 0x00000000c2500000| PB 0x00000000c2500000| Untracked |  0
|  10|0x00000000c2600000, 0x00000000c2600000, 0x00000000c2700000|  0%| F|  |TAMS 0x00000000c2600000| PB 0x00000000c2600000| Untracked |  0
|  11|0x00000000c2700000, 0x00000000c2700000, 0x00000000c2800000|  0%| F|  |TAMS 0x00000000c2700000| PB 0x00000000c2700000| Untracked |  0
|  12|0x00000000c2800000, 0x00000000c2800000, 0x00000000c2900000|  0%| F|  |TAMS 0x00000000c2800000| PB 0x00000000c2800000| Untracked |  0
|  13|0x00000000c2900000, 0x00000000c2900000, 0x00000000c2a00000|  0%| F|  |TAMS 0x00000000c2900000| PB 0x00000000c2900000| Untracked |  0
|  14|0x00000000c2a00000, 0x00000000c2a00000, 0x00000000c2b00000|  0%| F|  |TAMS 0x00000000c2a00000| PB 0x00000000c2a00000| Untracked |  0
|  15|0x00000000c2b00000, 0x00000000c2b00000, 0x00000000c2c00000|  0%| F|  |TAMS 0x00000000c2b00000| PB 0x00000000c2b00000| Untracked |  0
|  16|0x00000000c2c00000, 0x00000000c2c00000, 0x00000000c2d00000|  0%| F|  |TAMS 0x00000000c2c00000| PB 0x00000000c2c00000| Untracked |  0
|  17|0x00000000c2d00000, 0x00000000c2d00000, 0x00000000c2e00000|  0%| F|  |TAMS 0x00000000c2d00000| PB 0x00000000c2d00000| Untracked |  0
|  18|0x00000000c2e00000, 0x00000000c2e00000, 0x00000000c2f00000|  0%| F|  |TAMS 0x00000000c2e00000| PB 0x00000000c2e00000| Untracked |  0
|  19|0x00000000c2f00000, 0x00000000c2f00000, 0x00000000c3000000|  0%| F|  |TAMS 0x00000000c2f00000| PB 0x00000000c2f00000| Untracked |  0
|  20|0x00000000c3000000, 0x00000000c3000000, 0x00000000c3100000|  0%| F|  |TAMS 0x00000000c3000000| PB 0x00000000c3000000| Untracked |  0
|  21|0x00000000c3100000, 0x00000000c3100000, 0x00000000c3200000|  0%| F|  |TAMS 0x00000000c3100000| PB 0x00000000c3100000| Untracked |  0
|  22|0x00000000c3200000, 0x00000000c3200000, 0x00000000c3300000|  0%| F|  |TAMS 0x00000000c3200000| PB 0x00000000c3200000| Untracked |  0
|  23|0x00000000c3300000, 0x00000000c3300000, 0x00000000c3400000|  0%| F|  |TAMS 0x00000000c3300000| PB 0x00000000c3300000| Untracked |  0
|  24|0x00000000c3400000, 0x00000000c3400000, 0x00000000c3500000|  0%| F|  |TAMS 0x00000000c3400000| PB 0x00000000c3400000| Untracked |  0
|  25|0x00000000c3500000, 0x00000000c3500000, 0x00000000c3600000|  0%| F|  |TAMS 0x00000000c3500000| PB 0x00000000c3500000| Untracked |  0
|  26|0x00000000c3600000, 0x00000000c3600000, 0x00000000c3700000|  0%| F|  |TAMS 0x00000000c3600000| PB 0x00000000c3600000| Untracked |  0
|  27|0x00000000c3700000, 0x00000000c3700000, 0x00000000c3800000|  0%| F|  |TAMS 0x00000000c3700000| PB 0x00000000c3700000| Untracked |  0
|  28|0x00000000c3800000, 0x00000000c3800000, 0x00000000c3900000|  0%| F|  |TAMS 0x00000000c3800000| PB 0x00000000c3800000| Untracked |  0
|  29|0x00000000c3900000, 0x00000000c3900000, 0x00000000c3a00000|  0%| F|  |TAMS 0x00000000c3900000| PB 0x00000000c3900000| Untracked |  0
|  30|0x00000000c3a00000, 0x00000000c3a00000, 0x00000000c3b00000|  0%| F|  |TAMS 0x00000000c3a00000| PB 0x00000000c3a00000| Untracked |  0
|  31|0x00000000c3b00000, 0x00000000c3b00000, 0x00000000c3c00000|  0%| F|  |TAMS 0x00000000c3b00000| PB 0x00000000c3b00000| Untracked |  0
|  32|0x00000000c3c00000, 0x00000000c3c00000, 0x00000000c3d00000|  0%| F|  |TAMS 0x00000000c3c00000| PB 0x00000000c3c00000| Untracked |  0
|  33|0x00000000c3d00000, 0x00000000c3d00000, 0x00000000c3e00000|  0%| F|  |TAMS 0x00000000c3d00000| PB 0x00000000c3d00000| Untracked |  0
|  34|0x00000000c3e00000, 0x00000000c3e00000, 0x00000000c3f00000|  0%| F|  |TAMS 0x00000000c3e00000| PB 0x00000000c3e00000| Untracked |  0
|  35|0x00000000c3f00000, 0x00000000c3f00000, 0x00000000c4000000|  0%| F|  |TAMS 0x00000000c3f00000| PB 0x00000000c3f00000| Untracked |  0
|  36|0x00000000c4000000, 0x00000000c4000000, 0x00000000c4100000|  0%| F|  |TAMS 0x00000000c4000000| PB 0x00000000c4000000| Untracked |  0
|  37|0x00000000c4100000, 0x00000000c4100000, 0x00000000c4200000|  0%| F|  |TAMS 0x00000000c4100000| PB 0x00000000c4100000| Untracked |  0
|  38|0x00000000c4200000, 0x00000000c4200000, 0x00000000c4300000|  0%| F|  |TAMS 0x00000000c4200000| PB 0x00000000c4200000| Untracked |  0
|  39|0x00000000c4300000, 0x00000000c4300000, 0x00000000c4400000|  0%| F|  |TAMS 0x00000000c4300000| PB 0x00000000c4300000| Untracked |  0
|  40|0x00000000c4400000, 0x00000000c4400000, 0x00000000c4500000|  0%| F|  |TAMS 0x00000000c4400000| PB 0x00000000c4400000| Untracked |  0
|  41|0x00000000c4500000, 0x00000000c4500000, 0x00000000c4600000|  0%| F|  |TAMS 0x00000000c4500000| PB 0x00000000c4500000| Untracked |  0
|  42|0x00000000c4600000, 0x00000000c4600000, 0x00000000c4700000|  0%| F|  |TAMS 0x00000000c4600000| PB 0x00000000c4600000| Untracked |  0
|  43|0x00000000c4700000, 0x00000000c4700000, 0x00000000c4800000|  0%| F|  |TAMS 0x00000000c4700000| PB 0x00000000c4700000| Untracked |  0
|  44|0x00000000c4800000, 0x00000000c4800000, 0x00000000c4900000|  0%| F|  |TAMS 0x00000000c4800000| PB 0x00000000c4800000| Untracked |  0
|  45|0x00000000c4900000, 0x00000000c4900000, 0x00000000c4a00000|  0%| F|  |TAMS 0x00000000c4900000| PB 0x00000000c4900000| Untracked |  0
|  46|0x00000000c4a00000, 0x00000000c4a00000, 0x00000000c4b00000|  0%| F|  |TAMS 0x00000000c4a00000| PB 0x00000000c4a00000| Untracked |  0
|  47|0x00000000c4b00000, 0x00000000c4b00000, 0x00000000c4c00000|  0%| F|  |TAMS 0x00000000c4b00000| PB 0x00000000c4b00000| Untracked |  0
|  48|0x00000000c4c00000, 0x00000000c4c00000, 0x00000000c4d00000|  0%| F|  |TAMS 0x00000000c4c00000| PB 0x00000000c4c00000| Untracked |  0
|  49|0x00000000c4d00000, 0x00000000c4d00000, 0x00000000c4e00000|  0%| F|  |TAMS 0x00000000c4d00000| PB 0x00000000c4d00000| Untracked |  0
|  50|0x00000000c4e00000, 0x00000000c4e00000, 0x00000000c4f00000|  0%| F|  |TAMS 0x00000000c4e00000| PB 0x00000000c4e00000| Untracked |  0
|  51|0x00000000c4f00000, 0x00000000c4f00000, 0x00000000c5000000|  0%| F|  |TAMS 0x00000000c4f00000| PB 0x00000000c4f00000| Untracked |  0
|  52|0x00000000c5000000, 0x00000000c5000000, 0x00000000c5100000|  0%| F|  |TAMS 0x00000000c5000000| PB 0x00000000c5000000| Untracked |  0
|  53|0x00000000c5100000, 0x00000000c5100000, 0x00000000c5200000|  0%| F|  |TAMS 0x00000000c5100000| PB 0x00000000c5100000| Untracked |  0
|  54|0x00000000c5200000, 0x00000000c5200000, 0x00000000c5300000|  0%| F|  |TAMS 0x00000000c5200000| PB 0x00000000c5200000| Untracked |  0
|  55|0x00000000c5300000, 0x00000000c5300000, 0x00000000c5400000|  0%| F|  |TAMS 0x00000000c5300000| PB 0x00000000c5300000| Untracked |  0
|  56|0x00000000c5400000, 0x00000000c5400000, 0x00000000c5500000|  0%| F|  |TAMS 0x00000000c5400000| PB 0x00000000c5400000| Untracked |  0
|  57|0x00000000c5500000, 0x00000000c5500000, 0x00000000c5600000|  0%| F|  |TAMS 0x00000000c5500000| PB 0x00000000c5500000| Untracked |  0
|  58|0x00000000c5600000, 0x00000000c5600000, 0x00000000c5700000|  0%| F|  |TAMS 0x00000000c5600000| PB 0x00000000c5600000| Untracked |  0
|  59|0x00000000c5700000, 0x00000000c5700000, 0x00000000c5800000|  0%| F|  |TAMS 0x00000000c5700000| PB 0x00000000c5700000| Untracked |  0
|  60|0x00000000c5800000, 0x00000000c5800000, 0x00000000c5900000|  0%| F|  |TAMS 0x00000000c5800000| PB 0x00000000c5800000| Untracked |  0
|  61|0x00000000c5900000, 0x00000000c5a00000, 0x00000000c5a00000|100%| E|  |TAMS 0x00000000c5900000| PB 0x00000000c5900000| Complete |  0
|  62|0x00000000c5a00000, 0x00000000c5b00000, 0x00000000c5b00000|100%| E|CS|TAMS 0x00000000c5a00000| PB 0x00000000c5a00000| Complete |  0
|  63|0x00000000c5b00000, 0x00000000c5c00000, 0x00000000c5c00000|100%| E|CS|TAMS 0x00000000c5b00000| PB 0x00000000c5b00000| Complete |  0
| 994|0x00000000ffe00000, 0x00000000fff00000, 0x00000000fff00000|100%| O|  |TAMS 0x00000000ffe00000| PB 0x00000000ffe00000| Untracked |  0
| 995|0x00000000fff00000, 0x00000000fff1c288, 0x0000000100000000| 10%| O|  |TAMS 0x00000000fff00000| PB 0x00000000fff00000| Untracked |  0

Card table byte_map: [0x000002cc99590000,0x000002cc99790000] _byte_map_base: 0x000002cc98f82000

Marking Bits: (CMBitMap*) 0x000002ccfff55ed0
 Bits: [0x000002cc99790000, 0x000002cc9a720000)

Polling page: 0x000002ccff900000

Metaspace:

Usage:
  Non-class:    250.55 KB used.
      Class:      8.73 KB used.
       Both:    259.28 KB used.

Virtual space:
  Non-class space:       64.00 MB reserved,     320.00 KB ( <1%) committed,  1 nodes.
      Class space:        1.00 GB reserved,     128.00 KB ( <1%) committed,  1 nodes.
             Both:        1.06 GB reserved,     448.00 KB ( <1%) committed. 

Chunk freelists:
   Non-Class:  12.00 MB
       Class:  15.75 MB
        Both:  27.74 MB

MaxMetaspaceSize: unlimited
CompressedClassSpaceSize: 1.00 GB
Initial GC threshold: 21.00 MB
Current GC threshold: 21.00 MB
CDS: on
 - commit_granule_bytes: 65536.
 - commit_granule_words: 8192.
 - virtual_space_node_default_size: 8388608.
 - enlarge_chunks_in_place: 1.
UseCompressedClassPointers 1, UseCompactObjectHeaders 0
Narrow klass pointer bits 32, Max shift 3
Narrow klass base: 0x000002cc9d000000, Narrow klass shift: 0
Encoding Range: [0x000002cc9d000000 - 0x000002cd9d000000), (4294967296 bytes)
Klass Range:    [0x000002cc9d000000 - 0x000002ccde000000), (1090519040 bytes)
Klass ID Range:  [8 - 1090519033) (1090519025)


Internal statistics:

num_allocs_failed_limit: 0.
num_arena_births: 6.
num_arena_deaths: 0.
num_vsnodes_births: 2.
num_vsnodes_deaths: 0.
num_space_committed: 7.
num_space_uncommitted: 0.
num_chunks_returned_to_freelist: 0.
num_chunks_taken_from_freelist: 7.
num_chunk_merges: 0.
num_chunk_splits: 5.
num_chunks_enlarged: 2.
num_inconsistent_stats: 0.

CodeHeap 'non-profiled nmethods': size=120064Kb used=68Kb max_used=68Kb free=119995Kb
 bounds [0x000002cc91820000, 0x000002cc91a90000, 0x000002cc98d60000]
CodeHeap 'profiled nmethods': size=120000Kb used=175Kb max_used=175Kb free=119824Kb
 bounds [0x000002cc89d60000, 0x000002cc89fd0000, 0x000002cc91290000]
CodeHeap 'non-nmethods': size=5696Kb used=1190Kb max_used=1196Kb free=4505Kb
 bounds [0x000002cc91290000, 0x000002cc91500000, 0x000002cc91820000]
CodeCache: size=245760Kb, used=1433Kb, max_used=1439Kb, free=244324Kb
 total_blobs=560, nmethods=212, adapters=253, full_count=0
Compilation: enabled, stopped_count=0, restarted_count=0

Compilation events (20 events):
Event: 0.753 Thread 0x000002cc9ccdf750  168       4       java.util.HashMap::putVal (300 bytes)
Event: 0.756 Thread 0x000002cc9cce4310  174       1       java.util.KeyValueHolder::getKey (5 bytes)
Event: 0.756 Thread 0x000002cc9cce4310 nmethod 174 0x000002cc9182cc88 code [0x000002cc9182cd80, 0x000002cc9182ce48]
Event: 0.756 Thread 0x000002cc9cce4310  175       1       java.util.KeyValueHolder::getValue (5 bytes)
Event: 0.756 Thread 0x000002cc9cce4310 nmethod 175 0x000002cc9182cf88 code [0x000002cc9182d080, 0x000002cc9182d148]
Event: 0.778 Thread 0x000002cc9ccdf750 nmethod 168 0x000002cc9182d288 code [0x000002cc9182d440, 0x000002cc9182dea0]
Event: 0.778 Thread 0x000002cc9ccdf750  173       4       java.util.HashMap::newNode (13 bytes)
Event: 0.779 Thread 0x000002cc9cce4310  177       3       java.util.ImmutableCollections$Set12::iterator (9 bytes)
Event: 0.779 Thread 0x000002cc9cce4310 nmethod 177 0x000002cc89d83f08 code [0x000002cc89d84040, 0x000002cc89d84318]
Event: 0.779 Thread 0x000002cc9cce4310  178       3       java.util.ImmutableCollections$Set12$1::<init> (32 bytes)
Event: 0.780 Thread 0x000002cc9cce4310 nmethod 178 0x000002cc89d84388 code [0x000002cc89d844a0, 0x000002cc89d846c0]
Event: 0.780 Thread 0x000002cc9ccdf750 nmethod 173 0x000002cc9182df88 code [0x000002cc9182e080, 0x000002cc9182e188]
Event: 0.780 Thread 0x000002cc9ccdf750  176       4       java.lang.String::equals (56 bytes)
Event: 0.780 Thread 0x000002cc9cce4310  179       3       java.util.Optional::ofNullable (19 bytes)
Event: 0.781 Thread 0x000002cc9cce4310 nmethod 179 0x000002cc89d84708 code [0x000002cc89d84840, 0x000002cc89d84af0]
Event: 0.781 Thread 0x000002cc9cce4310  180       1       java.lang.module.ModuleDescriptor::packages (5 bytes)
Event: 0.781 Thread 0x000002cc9cce4310 nmethod 180 0x000002cc9182e288 code [0x000002cc9182e380, 0x000002cc9182e448]
Event: 0.781 Thread 0x000002cc9cce4310  181       3       java.util.concurrent.ConcurrentHashMap$Node::<init> (20 bytes)
Event: 0.782 Thread 0x000002cc9cce4310 nmethod 181 0x000002cc89d84b88 code [0x000002cc89d84ca0, 0x000002cc89d84ec8]
Event: 0.782 Thread 0x000002cc9cce4310  182   !   3       java.util.concurrent.ConcurrentHashMap::putVal (432 bytes)

GC Heap History (0 events):
No events

Dll operation events (2 events):
Event: 0.059 Loaded shared library C:\Users\kauar\.jdks\openjdk-24.0.1\bin\java.dll
Event: 0.208 Loaded shared library C:\Users\kauar\.jdks\openjdk-24.0.1\bin\jsvml.dll

Deoptimization events (4 events):
Event: 0.757 Thread 0x000002ccfff1c670 Uncommon trap: trap_request=0xfffffff4 fr.pc=0x000002cc9182cc14 relative=0x00000000000001f4
Event: 0.775 Thread 0x000002ccfff1c670 Uncommon trap: reason=null_check action=make_not_entrant pc=0x000002cc9182cc14 method=java.lang.String.equals(Ljava/lang/Object;)Z @ 8 c2
Event: 0.777 Thread 0x000002ccfff1c670 DEOPT PACKING pc=0x000002cc9182cc14 sp=0x000000e80f0fe880
Event: 0.778 Thread 0x000002ccfff1c670 DEOPT UNPACKING pc=0x000002cc913a8602 sp=0x000000e80f0fe818 mode 2

Classes loaded (2 events):
Event: 0.727 Loading class jdk/internal/module/ModuleReferenceImpl$CachedHash
Event: 0.727 Loading class jdk/internal/module/ModuleReferenceImpl$CachedHash done

Classes unloaded (0 events):
No events

Classes redefined (0 events):
No events

Internal exceptions (1 events):
Event: 0.757 Thread 0x000002ccfff1c670 Implicit null exception at 0x000002cc9182ca53 to 0x000002cc9182cc04

VM Operations (2 events):
Event: 0.724 Executing VM operation: HandshakeAllThreads (Deoptimize)
Event: 0.724 Executing VM operation: HandshakeAllThreads (Deoptimize) done

Memory protections (0 events):
No events

Nmethod flushes (0 events):
No events

Events (9 events):
Event: 0.126 Thread 0x000002ccfff1c670 Thread added: 0x000002ccfff1c670
Event: 0.179 Thread 0x000002ccfff1c670 Thread added: 0x000002cc9ccc9750
Event: 0.179 Thread 0x000002ccfff1c670 Thread added: 0x000002cc9ccca740
Event: 0.181 Thread 0x000002ccfff1c670 Thread added: 0x000002cc9cccf890
Event: 0.181 Thread 0x000002ccfff1c670 Thread added: 0x000002cc9ccd23d0
Event: 0.182 Thread 0x000002ccfff1c670 Thread added: 0x000002cc9ccde1b0
Event: 0.182 Thread 0x000002ccfff1c670 Thread added: 0x000002cc9ccde8f0
Event: 0.183 Thread 0x000002ccfff1c670 Thread added: 0x000002cc9ccdf750
Event: 0.184 Thread 0x000002ccfff1c670 Thread added: 0x000002cc9cce4310


Dynamic libraries:
0x00007ff714cf0000 - 0x00007ff714cfe000 	C:\Users\kauar\.jdks\openjdk-24.0.1\bin\java.exe
0x00007ffc5bc70000 - 0x00007ffc5be68000 	C:\WINDOWS\SYSTEM32\ntdll.dll
0x00007ffc5a6b0000 - 0x00007ffc5a772000 	C:\WINDOWS\System32\KERNEL32.DLL
0x00007ffc59490000 - 0x00007ffc59786000 	C:\WINDOWS\System32\KERNELBASE.dll
0x00007ffc59790000 - 0x00007ffc59890000 	C:\WINDOWS\System32\ucrtbase.dll
0x00007ffc54880000 - 0x00007ffc54896000 	C:\Users\kauar\.jdks\openjdk-24.0.1\bin\jli.dll
0x00007ffc547e0000 - 0x00007ffc547fb000 	C:\Users\kauar\.jdks\openjdk-24.0.1\bin\VCRUNTIME140.dll
0x00007ffc5b180000 - 0x00007ffc5b321000 	C:\WINDOWS\System32\USER32.dll
0x00007ffc59410000 - 0x00007ffc59432000 	C:\WINDOWS\System32\win32u.dll
0x00007ffc5a890000 - 0x00007ffc5a8bb000 	C:\WINDOWS\System32\GDI32.dll
0x00007ffc43dd0000 - 0x00007ffc4406b000 	C:\WINDOWS\WinSxS\amd64_microsoft.windows.common-controls_6595b64144ccf1df_6.0.19041.6456_none_60b8a6cb71f64256\COMCTL32.dll
0x00007ffc5b0e0000 - 0x00007ffc5b17e000 	C:\WINDOWS\System32\msvcrt.dll
0x00007ffc59a10000 - 0x00007ffc59b29000 	C:\WINDOWS\System32\gdi32full.dll
0x00007ffc59940000 - 0x00007ffc599dd000 	C:\WINDOWS\System32\msvcp_win.dll
0x00007ffc59c90000 - 0x00007ffc59cbf000 	C:\WINDOWS\System32\IMM32.DLL
0x00007ffc55b50000 - 0x00007ffc55b5c000 	C:\Users\kauar\.jdks\openjdk-24.0.1\bin\vcruntime140_1.dll
0x00007ffc4f0e0000 - 0x00007ffc4f16e000 	C:\Users\kauar\.jdks\openjdk-24.0.1\bin\msvcp140.dll
0x00007ffbf81b0000 - 0x00007ffbf8f52000 	C:\Users\kauar\.jdks\openjdk-24.0.1\bin\server\jvm.dll
0x00007ffc5b330000 - 0x00007ffc5b3e1000 	C:\WINDOWS\System32\ADVAPI32.dll
0x00007ffc59f20000 - 0x00007ffc59fbf000 	C:\WINDOWS\System32\sechost.dll
0x00007ffc59fc0000 - 0x00007ffc5a0e0000 	C:\WINDOWS\System32\RPCRT4.dll
0x00007ffc599e0000 - 0x00007ffc59a07000 	C:\WINDOWS\System32\bcrypt.dll
0x00007ffc5a0f0000 - 0x00007ffc5a15b000 	C:\WINDOWS\System32\WS2_32.dll
0x00007ffc58890000 - 0x00007ffc588db000 	C:\WINDOWS\SYSTEM32\POWRPROF.dll
0x00007ffc446c0000 - 0x00007ffc446e7000 	C:\WINDOWS\SYSTEM32\WINMM.dll
0x00007ffc52d10000 - 0x00007ffc52d1a000 	C:\WINDOWS\SYSTEM32\VERSION.dll
0x00007ffc58700000 - 0x00007ffc58712000 	C:\WINDOWS\SYSTEM32\UMPDC.dll
0x00007ffc57350000 - 0x00007ffc57362000 	C:\WINDOWS\SYSTEM32\kernel.appcore.dll
0x00007ffc546d0000 - 0x00007ffc546da000 	C:\Users\kauar\.jdks\openjdk-24.0.1\bin\jimage.dll
0x00007ffc56eb0000 - 0x00007ffc570b1000 	C:\WINDOWS\SYSTEM32\DBGHELP.DLL
0x00007ffc448c0000 - 0x00007ffc448f4000 	C:\WINDOWS\SYSTEM32\dbgcore.DLL
0x00007ffc59380000 - 0x00007ffc59402000 	C:\WINDOWS\System32\bcryptPrimitives.dll
0x00007ffc54810000 - 0x00007ffc5481f000 	C:\Users\kauar\.jdks\openjdk-24.0.1\bin\instrument.dll
0x00007ffc51030000 - 0x00007ffc5104e000 	C:\Users\kauar\.jdks\openjdk-24.0.1\bin\java.dll
0x00007ffc5bb00000 - 0x00007ffc5bc2b000 	C:\WINDOWS\System32\ole32.dll
0x00007ffc5a290000 - 0x00007ffc5a5e4000 	C:\WINDOWS\System32\combase.dll
0x00007ffc5a8c0000 - 0x00007ffc5b030000 	C:\WINDOWS\System32\SHELL32.dll
0x00007ffc57370000 - 0x00007ffc57b15000 	C:\WINDOWS\SYSTEM32\windows.storage.dll
0x00007ffc58d30000 - 0x00007ffc58d5b000 	C:\WINDOWS\SYSTEM32\Wldp.dll
0x00007ffc5a160000 - 0x00007ffc5a22d000 	C:\WINDOWS\System32\OLEAUT32.dll
0x00007ffc5b030000 - 0x00007ffc5b0dd000 	C:\WINDOWS\System32\SHCORE.dll
0x00007ffc5a230000 - 0x00007ffc5a28b000 	C:\WINDOWS\System32\shlwapi.dll
0x00007ffc59230000 - 0x00007ffc59254000 	C:\WINDOWS\SYSTEM32\profapi.dll
0x00007ffc362c0000 - 0x00007ffc36397000 	C:\Users\kauar\.jdks\openjdk-24.0.1\bin\jsvml.dll
0x00007ffc503d0000 - 0x00007ffc503e7000 	C:\Users\kauar\.jdks\openjdk-24.0.1\bin\zip.dll

JVMTI agents:
C:\Users\kauar\Downloads\Nova pasta\Progamação\ideaIC-2024.3.4.1.win\lib\idea_rt.jar path:C:\Users\kauar\.jdks\openjdk-24.0.1\bin\instrument.dll, loaded, initialized, instrumentlib options:64781

dbghelp: loaded successfully - version: 4.0.5 - missing functions: none
symbol engine: initialized successfully - sym options: 0x614 - pdb path: .;C:\Users\kauar\.jdks\openjdk-24.0.1\bin;C:\WINDOWS\SYSTEM32;C:\WINDOWS\WinSxS\amd64_microsoft.windows.common-controls_6595b64144ccf1df_6.0.19041.6456_none_60b8a6cb71f64256;C:\Users\kauar\.jdks\openjdk-24.0.1\bin\server

VM Arguments:
jvm_args: -javaagent:C:\Users\kauar\Downloads\Nova pasta\Progamação\ideaIC-2024.3.4.1.win\lib\idea_rt.jar=64781 -Dfile.encoding=UTF-8 -Dsun.stdout.encoding=UTF-8 -Dsun.stderr.encoding=UTF-8 
java_command: com.example.crud_spring.CrudSpringApplication
java_class_path (initial): C:\Users\kauar\Desktop\crud-spring\crud-spring\target\classes;C:\Users\kauar\.m2\repository\org\springframework\boot\spring-boot-h2console\4.0.0\spring-boot-h2console-4.0.0.jar;C:\Users\kauar\.m2\repository\org\springframework\boot\spring-boot\4.0.0\spring-boot-4.0.0.jar;C:\Users\kauar\.m2\repository\org\springframework\spring-core\7.0.1\spring-core-7.0.1.jar;C:\Users\kauar\.m2\repository\commons-logging\commons-logging\1.3.5\commons-logging-1.3.5.jar;C:\Users\kauar\.m2\repository\org\jspecify\jspecify\1.0.0\jspecify-1.0.0.jar;C:\Users\kauar\.m2\repository\org\springframework\spring-context\7.0.1\spring-context-7.0.1.jar;C:\Users\kauar\.m2\repository\org\springframework\spring-aop\7.0.1\spring-aop-7.0.1.jar;C:\Users\kauar\.m2\repository\org\springframework\spring-beans\7.0.1\spring-beans-7.0.1.jar;C:\Users\kauar\.m2\repository\org\springframework\spring-expression\7.0.1\spring-expression-7.0.1.jar;C:\Users\kauar\.m2\repository\io\micrometer\micrometer-observation\1.16.0\micrometer-observation-1.16.0.jar;C:\Users\kauar\.m2\repository\io\micrometer\micrometer-commons\1.16.0\micrometer-commons-1.16.0.jar;C:\Users\kauar\.m2\repository\jakarta\servlet\jakarta.servlet-api\6.1.0\jakarta.servlet-api-6.1.0.jar;C:\Users\kauar\.m2\repository\org\springframework\boot\spring-boot-starter-data-jpa\4.0.0\spring-boot-starter-data-jpa-4.0.0.jar;C:\Users\kauar\.m2\repository\org\springframework\boot\spring-boot-starter\4.0.0\spring-boot-starter-4.0.0.jar;C:\Users\kauar\.m2\repository\org\springframework\boot\spring-boot-starter-logging\4.0.0\spring-boot-starter-logging-4.0.0.jar;C:\Users\kauar\.m2\repository\ch\qos\logback\logback-classic\1.5.21\logback-classic-1.5.21.jar;C:\Users\kauar\.m2\repository\ch\qos\logback\logback-core\1.5.21\logback-core-1.5.21.jar;C:\Users\kauar\.m2\repository\org\apache\logging\log4j\log4j-to-slf4j\2.25.2\log4j-to-slf4j-2.25.2.jar;C:\Users\kauar\.m2\repository\org\apache\logging\log4j\log4j-api\2.25.2\log4j-api-2.25.2.jar;C:\Users\kauar\.m2\repository\org\slf4j\jul-to-slf4j\2.0.17\jul-to-slf4j-2.0.17.jar;C:\Users\kauar\.m2\repository\org\springframework\boot\spring-boot-autoconfigure\4.0.0\spring-boot-autoconfigure-4.0.0.jar;C:\Users\kauar\.m2\repository\jakarta\annotation\jakarta.annotation-api\3.0.0\jakarta.annotation-api-3.0.0.jar;C:\Users\kauar\.m2\repository\org\yaml\snakeyaml\2.5\snakeyaml-2.5.jar;C:\Users\kauar\.m2\repository\org\springframework\boot\spring-boot-starter-jdbc\4.0.0\spring-boot-starter-jdbc-4.0.0.jar;C:\Users\kauar\.m2\repository\com\zaxxer\HikariCP\7.0.2\HikariCP-7.0.2.jar;C:\Users\kauar\.m2\repository\org\slf4j\slf4j-api\2.0.17\slf4j-api-2.0.17.jar;C:\Users\kauar\.m2\repository\org\springframework\boot\spring-boot-data-jpa\4.0.0\spring-boot-data-jpa-4.0.0.jar;C:\Users\kauar\.m2\repository\org\springframework\boot\spring-boot-data-commons\4.0.0\spring-boot-data-commons-4.0.0.jar;C:\Users\kauar\.m2\repository\org\springframework\boot\spring-boot-persistence\4.0.0\spring-boot-persistence-4.0.0.jar;C:\Users\kauar\.m2\repository\org\springframework\data\spring-data-commons\4.0.0\spring-data-commons-4.0.0.jar;C:\Users\kauar\.m2\repository\org\springframework\boot\spring-boot-hibernate\4.0.0\spring-boot-hibernate-4.0.0.jar;C:\Users\kauar\.m2\repository\org\springframework\boot\spring-boot-jpa\4.0.0\spring-boot-jpa-4.0.0.jar;C:\Users\kauar\.m2\repository\jakarta\persistence\jakarta.persistence-api\3.2.0\jakarta.persistence-api-3.2.0.jar;C:\Users\kauar\.m2\repository\org\hibernate\orm\hibernate-core\7.1.8.Final\hibernate-core-7.1.8.Final.jar;C:\Users\kauar\.m2\repository\jakarta\transaction\jakarta.transaction-api\2.0.1\jakarta.transaction-api-2.0.1.jar;C:\Users\kauar\.m2\repository\org\hibernate\models\hibernate-models\1.0.1\hibernate-models-1.0.1.jar;C:\Users\kauar\.m2\repository\org\glassfish\jaxb\jaxb-runtime\4.0.6\jaxb-runtime-4.0.6.jar;C:\Users\kauar\.m2\repository\org\glassfish\jaxb\jaxb-core\4.0.6\jaxb-core-4.0.6.jar;C:\Users\kauar\.m2\repository\org\eclipse\angus\angus-activation\2.0.3\angus-activation-2.0.3.jar;C:\Users\kauar\.m2\repository\org\glassfish\jaxb\txw2\4.0.6\txw2-4.0.6.jar;C:\Users\kauar\.m2\repository\com\sun\istack\istack-commons-runtime\4.1.2\istack-commons-runtime-4.1.2.jar;C:\Users\kauar\.m2\repository\jakarta\inject\jakarta.inject-api\2.0.1\jakarta.inject-api-2.0.1.jar;C:\Users\kauar\.m2\repository\org\springframework\spring-orm\7.0.1\spring-orm-7.0.1.jar;C:\Users\kauar\.m2\repository\org\springframework\data\spring-data-jpa\4.0.0\spring-data-jpa-4.0.0.jar;C:\Users\kauar\.m2\repository\org\springframework\spring-tx\7.0.1\spring-tx-7.0.1.jar;C:\Users\kauar\.m2\repository\org\antlr\antlr4-runtime\4.13.2\antlr4-runtime-4.13.2.jar;C:\Users\kauar\.m2\repository\org\springframework\spring-aspects\7.0.1\spring-aspects-7.0.1.jar;C:\Users\kauar\.m2\repository\org\aspectj\aspectjweaver\1.9.25\aspectjweaver-1.9.25.jar;C:\Users\kauar\.m2\repository\org\springframework\boot\spring-boot-jdbc\4.0.0\spring-boot-jdbc-4.0.0.jar;C:\Users\kauar\.m2\repository\org\springframework\boot\spring-boot-sql\4.0.0\spring-boot-sql-4.0.0.jar;C:\Users\kauar\.m2\repository\org\springframework\boot\spring-boot-transaction\4.0.0\spring-boot-transaction-4.0.0.jar;C:\Users\kauar\.m2\repository\org\springframework\spring-jdbc\7.0.1\spring-jdbc-7.0.1.jar;C:\Users\kauar\.m2\repository\org\springframework\boot\spring-boot-starter-validation\4.0.0\spring-boot-starter-validation-4.0.0.jar;C:\Users\kauar\.m2\repository\org\springframework\boot\spring-boot-validation\4.0.0\spring-boot-validation-4.0.0.jar;C:\Users\kauar\.m2\repository\org\apache\tomcat\embed\tomcat-embed-el\11.0.14\tomcat-embed-el-11.0.14.jar;C:\Users\kauar\.m2\repository\org\hibernate\validator\hibernate-validator\9.0.1.Final\hibernate-validator-9.0.1.Final.jar;C:\Users\kauar\.m2\repository\jakarta\validation\jakarta.validation-api\3.1.1\jakarta.validation-api-3.1.1.jar;C:\Users\kauar\.m2\repository\org\jboss\logging\jboss-logging\3.6.1.Final\jboss-logging-3.6.1.Final.jar;C:\Users\kauar\.m2\repository\com\fasterxml\classmate\1.7.1\classmate-1.7.1.jar;C:\Users\kauar\.m2\repository\org\springframework\boot\spring-boot-starter-webmvc\4.0.0\spring-boot-starter-webmvc-4.0.0.jar;C:\Users\kauar\.m2\repository\org\springframework\boot\spring-boot-starter-jackson\4.0.0\spring-boot-starter-jackson-4.0.0.jar;C:\Users\kauar\.m2\repository\org\springframework\boot\spring-boot-jackson\4.0.0\spring-boot-jackson-4.0.0.jar;C:\Users\kauar\.m2\repository\tools\jackson\core\jackson-databind\3.0.2\jackson-databind-3.0.2.jar;C:\Users\kauar\.m2\repository\com\fasterxml\jackson\core\jackson-annotations\2.20\jackson-annotations-2.20.jar;C:\Users\kauar\.m2\repository\tools\jackson\core\jackson-core\3.0.2\jackson-core-3.0.2.jar;C:\Users\kauar\.m2\repository\org\springframework\boot\spring-boot-starter-tomcat\4.0.0\spring-boot-starter-tomcat-4.0.0.jar;C:\Users\kauar\.m2\repository\org\springframework\boot\spring-boot-starter-tomcat-runtime\4.0.0\spring-boot-starter-tomcat-runtime-4.0.0.jar;C:\Users\kauar\.m2\repository\org\apache\tomcat\embed\tomcat-embed-core\11.0.14\tomcat-embed-core-11.0.14.jar;C:\Users\kauar\.m2\repository\org\apache\tomcat\embed\tomcat-embed-websocket\11.0.14\tomcat-embed-websocket-11.0.14.jar;C:\Users\kauar\.m2\repository\org\springframework\boot\spring-boot-tomcat\4.0.0\spring-boot-tomcat-4.0.0.jar;C:\Users\kauar\.m2\repository\org\springframework\boot\spring-boot-http-converter\4.0.0\spring-boot-http-converter-4.0.0.jar;C:\Users\kauar\.m2\repository\org\springframework\spring-web\7.0.1\spring-web-7.0.1.jar;C:\Users\kauar\.m2\repository\org\springframework\boot\spring-boot-webmvc\4.0.0\spring-boot-webmvc-4.0.0.jar;C:\Users\kauar\.m2\repository\org\springframework\boot\spring-boot-servlet\4.0.0\spring-boot-servlet-4.0.0.jar;C:\Users\kauar\.m2\repository\org\springframework\spring-webmvc\7.0.1\spring-webmvc-7.0.1.jar;C:\Users\kauar\.m2\repository\com\h2database\h2\2.4.240\h2-2.4.240.jar;C:\Users\kauar\.m2\repository\jakarta\xml\bind\jakarta.xml.bind-api\4.0.4\jakarta.xml.bind-api-4.0.4.jar;C:\Users\kauar\.m2\repository\jakarta\activation\jakarta.activation-api\2.1.4\jakarta.activation-api-2.1.4.jar;C:\Users\kauar\.m2\repository\net\bytebuddy\byte-buddy\1.17.8\byte-buddy-1.17.8.jar;C:\Users\kauar\.m2\repository\org\springframework\boot\spring-boot-web-server\4.0.0\spring-boot-web-server-4.0.0.jar
Launcher Type: SUN_STANDARD

[Global flags]
     intx CICompilerCount                          = 3                                         {product} {ergonomic}
     uint ConcGCThreads                            = 1                                         {product} {ergonomic}
     uint G1ConcRefinementThreads                  = 4                                         {product} {ergonomic}
   size_t G1HeapRegionSize                         = 1048576                                   {product} {ergonomic}
   size_t InitialHeapSize                          = 67108864                                  {product} {ergonomic}
   size_t MarkStackSize                            = 4194304                                   {product} {ergonomic}
   size_t MarkStackSizeMax                         = 536870912                                 {product} {ergonomic}
   size_t MaxHeapSize                              = 1044381696                                {product} {ergonomic}
   size_t MaxNewSize                               = 625999872                                 {product} {ergonomic}
   size_t MinHeapDeltaBytes                        = 1048576                                   {product} {ergonomic}
   size_t MinHeapSize                              = 8388608                                   {product} {ergonomic}
    uintx NonNMethodCodeHeapSize                   = 5832704                                {pd product} {ergonomic}
    uintx NonProfiledCodeHeapSize                  = 122945536                              {pd product} {ergonomic}
    uintx ProfiledCodeHeapSize                     = 122880000                              {pd product} {ergonomic}
    uintx ReservedCodeCacheSize                    = 251658240                              {pd product} {ergonomic}
     bool SegmentedCodeCache                       = true                                      {product} {ergonomic}
   size_t SoftMaxHeapSize                          = 1044381696                             {manageable} {ergonomic}
     bool UseCompressedOops                        = true                           {product lp64_product} {ergonomic}
     bool UseG1GC                                  = true                                      {product} {ergonomic}
     bool UseLargePagesIndividualAllocation        = false                                  {pd product} {ergonomic}

Logging:
Log output configuration:
 #0: stdout all=warning uptime,level,tags foldmultilines=false
 #1: stderr all=off uptime,level,tags foldmultilines=false

Environment Variables:
PATH=C:\Program Files\Common Files\Oracle\Java\javapath;C:\Program Files (x86)\Common Files\Oracle\Java\java8path;C:\Program Files (x86)\Common Files\Oracle\Java\javapath;C:\Program Files (x86)\NVIDIA Corporation\PhysX\Common;C:\ProgramData\Oracle\Java\javapath;C:\WINDOWS\system32;C:\WINDOWS;C:\WINDOWS\System32\Wbem;C:\WINDOWS\System32\WindowsPowerShell\v1.0\;C:\WINDOWS\System32\OpenSSH\;C:\Program Files\nodejs\;C:\Program Files\dotnet\;C:\Program Files\Git\cmd;C:\Users\kauar\AppData\Local\Microsoft\WindowsApps;;C:\Users\kauar\AppData\Local\Programs\Microsoft VS Code\bin;C:\Users\kauar\AppData\Roaming\npm
USERNAME=kauar
OS=Windows_NT
PROCESSOR_IDENTIFIER=Intel64 Family 6 Model 142 Stepping 9, GenuineIntel
TMP=C:\Users\kauar\AppData\Local\Temp
TEMP=C:\Users\kauar\AppData\Local\Temp




Periodic native trim disabled

---------------  S Y S T E M  ---------------

OS:
 Windows 10 , 64 bit Build 19041 (10.0.19041.5915)
OS uptime: 14 days 23:38 hours

CPU: total 4 (initial active 4) (2 cores per cpu, 2 threads per core) family 6 model 142 stepping 9 microcode 0xb4, cx8, cmov, fxsr, ht, mmx, 3dnowpref, sse, sse2, sse3, ssse3, sse4.1, sse4.2, popcnt, lzcnt, tsc, tscinvbit, avx, avx2, aes, erms, clmul, bmi1, bmi2, adx, fma, vzeroupper, clflush, clflushopt, rdtscp, f16c
Processor Information for the first 4 processors :
  Max Mhz: 2304, Current Mhz: 2304, Mhz Limit: 2304

Memory: 4k page, system-wide physical 3979M (73M free)
TotalPageFile size 16267M (AvailPageFile size 0M)
current process WorkingSet (physical memory assigned to process): 37M, peak: 37M
current process commit charge ("private bytes"): 138M, peak: 138M

vm_info: OpenJDK 64-Bit Server VM (24.0.1+9-30) for windows-amd64 JRE (24.0.1+9-30), built on 2025-03-05T07:23:45Z with MS VC++ 17.6 (VS2022)

END.
